<?xml version="1.0" encoding="UTF-8" standalone="no"?>
<testsuite failures="1" name="cucumber.runtime.formatter.JUnitFormatter" skipped="0" tests="1" time="6.699319">
    <testcase classname="Sample Test Scenarios" name="Home page login" time="6.699319">
        <failure message="cucumber.runtime.CucumberException: Failed to instantiate class com.chroma.stepDefinitions.SampleTestStepDef&#10;&#9;at cucumber.runtime.java.DefaultJavaObjectFactory.cacheNewInstance(DefaultJavaObjectFactory.java:47)&#10;&#9;at cucumber.runtime.java.DefaultJavaObjectFactory.getInstance(DefaultJavaObjectFactory.java:33)&#10;&#9;at cucumber.runtime.java.JavaStepDefinition.execute(JavaStepDefinition.java:57)&#10;&#9;at cucumber.runner.PickleStepDefinitionMatch.runStep(PickleStepDefinitionMatch.java:50)&#10;&#9;at cucumber.runner.TestStep.executeStep(TestStep.java:65)&#10;&#9;at cucumber.runner.TestStep.run(TestStep.java:50)&#10;&#9;at cucumber.runner.PickleStepTestStep.run(PickleStepTestStep.java:43)&#10;&#9;at cucumber.runner.TestCase.run(TestCase.java:46)&#10;&#9;at cucumber.runner.Runner.runPickle(Runner.java:49)&#10;&#9;at cucumber.runtime.junit.PickleRunners$NoStepDescriptions.run(PickleRunners.java:146)&#10;&#9;at cucumber.runtime.junit.FeatureRunner.runChild(FeatureRunner.java:68)&#10;&#9;at cucumber.runtime.junit.FeatureRunner.runChild(FeatureRunner.java:23)&#10;&#9;at org.junit.runners.ParentRunner$3.run(ParentRunner.java:238)&#10;&#9;at org.junit.runners.ParentRunner$1.schedule(ParentRunner.java:63)&#10;&#9;at org.junit.runners.ParentRunner.runChildren(ParentRunner.java:236)&#10;&#9;at org.junit.runners.ParentRunner.access$000(ParentRunner.java:53)&#10;&#9;at org.junit.runners.ParentRunner$2.evaluate(ParentRunner.java:229)&#10;&#9;at org.junit.runners.ParentRunner.run(ParentRunner.java:309)&#10;&#9;at cucumber.runtime.junit.FeatureRunner.run(FeatureRunner.java:73)&#10;&#9;at cucumber.api.junit.Cucumber.runChild(Cucumber.java:123)&#10;&#9;at cucumber.api.junit.Cucumber.runChild(Cucumber.java:65)&#10;&#9;at org.junit.runners.ParentRunner$3.run(ParentRunner.java:238)&#10;&#9;at org.junit.runners.ParentRunner$1.schedule(ParentRunner.java:63)&#10;&#9;at org.junit.runners.ParentRunner.runChildren(ParentRunner.java:236)&#10;&#9;at org.junit.runners.ParentRunner.access$000(ParentRunner.java:53)&#10;&#9;at org.junit.runners.ParentRunner$2.evaluate(ParentRunner.java:229)&#10;&#9;at cucumber.api.junit.Cucumber$RunCucumber.evaluate(Cucumber.java:147)&#10;&#9;at org.junit.runners.ParentRunner.run(ParentRunner.java:309)&#10;&#9;at org.eclipse.jdt.internal.junit4.runner.JUnit4TestReference.run(JUnit4TestReference.java:93)&#10;&#9;at org.eclipse.jdt.internal.junit.runner.TestExecution.run(TestExecution.java:40)&#10;&#9;at org.eclipse.jdt.internal.junit.runner.RemoteTestRunner.runTests(RemoteTestRunner.java:529)&#10;&#9;at org.eclipse.jdt.internal.junit.runner.RemoteTestRunner.runTests(RemoteTestRunner.java:756)&#10;&#9;at org.eclipse.jdt.internal.junit.runner.RemoteTestRunner.run(RemoteTestRunner.java:452)&#10;&#9;at org.eclipse.jdt.internal.junit.runner.RemoteTestRunner.main(RemoteTestRunner.java:210)&#10;Caused by: java.lang.reflect.InvocationTargetException&#10;&#9;at java.base/jdk.internal.reflect.NativeConstructorAccessorImpl.newInstance0(Native Method)&#10;&#9;at java.base/jdk.internal.reflect.NativeConstructorAccessorImpl.newInstance(NativeConstructorAccessorImpl.java:64)&#10;&#9;at java.base/jdk.internal.reflect.DelegatingConstructorAccessorImpl.newInstance(DelegatingConstructorAccessorImpl.java:45)&#10;&#9;at java.base/java.lang.reflect.Constructor.newInstanceWithCaller(Constructor.java:500)&#10;&#9;at java.base/java.lang.reflect.Constructor.newInstance(Constructor.java:481)&#10;&#9;at cucumber.runtime.java.DefaultJavaObjectFactory.cacheNewInstance(DefaultJavaObjectFactory.java:41)&#10;&#9;... 33 more&#10;Caused by: java.lang.Error: Unresolved compilation problems: &#10;&#9;The import com.chroma.pages.DashboardPage cannot be resolved&#10;&#9;The import com.chroma.pages.LoginTwoPage cannot be resolved&#10;&#9;The import com.chroma.utils.CucumberLogUtils cannot be resolved&#10;&#9;The import com.chroma.web cannot be resolved&#10;&#9;The import com.chroma.web cannot be resolved&#10;&#9;DashboardPage cannot be resolved to a type&#10;&#9;DashboardPage cannot be resolved to a type&#10;&#9;WebDriverUtils cannot be resolved&#10;&#9;CucumberLogUtils cannot be resolved&#10;&#9;WebDriverUtils cannot be resolved&#10;&#9;DashboardPage cannot be resolved to a type&#10;&#9;CommonMethods cannot be resolved&#10;&#9;DashboardPage cannot be resolved to a type&#10;&#9;CommonMethods cannot be resolved&#10;&#9;DashboardPage cannot be resolved to a type&#10;&#9;CommonMethods cannot be resolved&#10;&#9;DashboardPage cannot be resolved to a type&#10;&#9;CommonMethods cannot be resolved&#10;&#9;DashboardPage cannot be resolved to a type&#10;&#9;CommonMethods cannot be resolved&#10;&#9;DashboardPage cannot be resolved to a type&#10;&#9;CommonMethods cannot be resolved&#10;&#9;DashboardPage cannot be resolved to a type&#10;&#9;CommonMethods cannot be resolved&#10;&#9;DashboardPage cannot be resolved to a type&#10;&#9;CommonMethods cannot be resolved&#10;&#10;&#9;at com.chroma.stepDefinitions.SampleTestStepDef.&lt;init&gt;(SampleTestStepDef.java:12)&#10;&#9;... 39 more&#10;"><![CDATA[Given a user is on the login page "https://mexil.it/chroma_tech_academy/dev/site/login".failed
When user logs in with valid credentials username "general@teacher.com" and password "123456".skipped
Then user should see dashboard page with URL "https://mexil.it/chroma_tech_academy/dev/admin/admin/dashboard".skipped

StackTrace:
cucumber.runtime.CucumberException: Failed to instantiate class com.chroma.stepDefinitions.SampleTestStepDef
	at cucumber.runtime.java.DefaultJavaObjectFactory.cacheNewInstance(DefaultJavaObjectFactory.java:47)
	at cucumber.runtime.java.DefaultJavaObjectFactory.getInstance(DefaultJavaObjectFactory.java:33)
	at cucumber.runtime.java.JavaStepDefinition.execute(JavaStepDefinition.java:57)
	at cucumber.runner.PickleStepDefinitionMatch.runStep(PickleStepDefinitionMatch.java:50)
	at cucumber.runner.TestStep.executeStep(TestStep.java:65)
	at cucumber.runner.TestStep.run(TestStep.java:50)
	at cucumber.runner.PickleStepTestStep.run(PickleStepTestStep.java:43)
	at cucumber.runner.TestCase.run(TestCase.java:46)
	at cucumber.runner.Runner.runPickle(Runner.java:49)
	at cucumber.runtime.junit.PickleRunners$NoStepDescriptions.run(PickleRunners.java:146)
	at cucumber.runtime.junit.FeatureRunner.runChild(FeatureRunner.java:68)
	at cucumber.runtime.junit.FeatureRunner.runChild(FeatureRunner.java:23)
	at org.junit.runners.ParentRunner$3.run(ParentRunner.java:238)
	at org.junit.runners.ParentRunner$1.schedule(ParentRunner.java:63)
	at org.junit.runners.ParentRunner.runChildren(ParentRunner.java:236)
	at org.junit.runners.ParentRunner.access$000(ParentRunner.java:53)
	at org.junit.runners.ParentRunner$2.evaluate(ParentRunner.java:229)
	at org.junit.runners.ParentRunner.run(ParentRunner.java:309)
	at cucumber.runtime.junit.FeatureRunner.run(FeatureRunner.java:73)
	at cucumber.api.junit.Cucumber.runChild(Cucumber.java:123)
	at cucumber.api.junit.Cucumber.runChild(Cucumber.java:65)
	at org.junit.runners.ParentRunner$3.run(ParentRunner.java:238)
	at org.junit.runners.ParentRunner$1.schedule(ParentRunner.java:63)
	at org.junit.runners.ParentRunner.runChildren(ParentRunner.java:236)
	at org.junit.runners.ParentRunner.access$000(ParentRunner.java:53)
	at org.junit.runners.ParentRunner$2.evaluate(ParentRunner.java:229)
	at cucumber.api.junit.Cucumber$RunCucumber.evaluate(Cucumber.java:147)
	at org.junit.runners.ParentRunner.run(ParentRunner.java:309)
	at org.eclipse.jdt.internal.junit4.runner.JUnit4TestReference.run(JUnit4TestReference.java:93)
	at org.eclipse.jdt.internal.junit.runner.TestExecution.run(TestExecution.java:40)
	at org.eclipse.jdt.internal.junit.runner.RemoteTestRunner.runTests(RemoteTestRunner.java:529)
	at org.eclipse.jdt.internal.junit.runner.RemoteTestRunner.runTests(RemoteTestRunner.java:756)
	at org.eclipse.jdt.internal.junit.runner.RemoteTestRunner.run(RemoteTestRunner.java:452)
	at org.eclipse.jdt.internal.junit.runner.RemoteTestRunner.main(RemoteTestRunner.java:210)
Caused by: java.lang.reflect.InvocationTargetException
	at java.base/jdk.internal.reflect.NativeConstructorAccessorImpl.newInstance0(Native Method)
	at java.base/jdk.internal.reflect.NativeConstructorAccessorImpl.newInstance(NativeConstructorAccessorImpl.java:64)
	at java.base/jdk.internal.reflect.DelegatingConstructorAccessorImpl.newInstance(DelegatingConstructorAccessorImpl.java:45)
	at java.base/java.lang.reflect.Constructor.newInstanceWithCaller(Constructor.java:500)
	at java.base/java.lang.reflect.Constructor.newInstance(Constructor.java:481)
	at cucumber.runtime.java.DefaultJavaObjectFactory.cacheNewInstance(DefaultJavaObjectFactory.java:41)
	... 33 more
Caused by: java.lang.Error: Unresolved compilation problems: 
	The import com.chroma.pages.DashboardPage cannot be resolved
	The import com.chroma.pages.LoginTwoPage cannot be resolved
	The import com.chroma.utils.CucumberLogUtils cannot be resolved
	The import com.chroma.web cannot be resolved
	The import com.chroma.web cannot be resolved
	DashboardPage cannot be resolved to a type
	DashboardPage cannot be resolved to a type
	WebDriverUtils cannot be resolved
	CucumberLogUtils cannot be resolved
	WebDriverUtils cannot be resolved
	DashboardPage cannot be resolved to a type
	CommonMethods cannot be resolved
	DashboardPage cannot be resolved to a type
	CommonMethods cannot be resolved
	DashboardPage cannot be resolved to a type
	CommonMethods cannot be resolved
	DashboardPage cannot be resolved to a type
	CommonMethods cannot be resolved
	DashboardPage cannot be resolved to a type
	CommonMethods cannot be resolved
	DashboardPage cannot be resolved to a type
	CommonMethods cannot be resolved
	DashboardPage cannot be resolved to a type
	CommonMethods cannot be resolved
	DashboardPage cannot be resolved to a type
	CommonMethods cannot be resolved

	at com.chroma.stepDefinitions.SampleTestStepDef.<init>(SampleTestStepDef.java:12)
	... 39 more
]]></failure>
    </testcase>
</testsuite>
